<?xml version="1.0" encoding="UTF-8"?>
<testsuite xmlns:xsi="http://www.w3.org/2001/XMLSchema-instance" xsi:noNamespaceSchemaLocation="https://maven.apache.org/surefire/maven-surefire-plugin/xsd/surefire-test-report.xsd" version="3.0.2" name="com.agrowise.WeatherForecast.WeatherForecastApplicationTests" time="4.241" tests="1" errors="0" skipped="0" failures="0">
  <properties>
[...]
</properties>
  <testcase name="contextLoads" classname="com.agrowise.WeatherForecast.WeatherForecastApplicationTests" time="1.01">
    <system-out><![CDATA[05:35:27.680 [main] INFO org.springframework.test.context.support.AnnotationConfigContextLoaderUtils -- Could not detect default configuration classes for test class [com.agrowise.WeatherForecast.WeatherForecastApplicationTests]: WeatherForecastApplicationTests does not declare any static, non-private, non-final, nested classes annotated with @Configuration.
05:35:27.916 [main] INFO org.springframework.boot.test.context.SpringBootTestContextBootstrapper -- Found @SpringBootConfiguration com.agrowise.WeatherForecast.WeatherForecastApplication for test class com.agrowise.WeatherForecast.WeatherForecastApplicationTests

  .   ____          _            __ _ _
 /\\ / ___'_ __ _ _(_)_ __  __ _ \ \ \ \
( ( )\___ | '_ | '_| | '_ \/ _` | \ \ \ \
 \\/  ___)| |_)| | | | | || (_| |  ) ) ) )
  '  |____| .__|_| |_|_| |_\__, | / / / /
 =========|_|==============|___/=/_/_/_/

 :: Spring Boot ::                (v3.4.2)

2025-02-07T05:35:28.654+02:00  WARN 24464 --- [WeatherForecast] [           main] ory$DuplicateJsonObjectContextCustomizer : 

Found multiple occurrences of org.json.JSONObject on the class path:

	jar:file:/C:/Users/iaspa/.m2/repository/com/vaadin/external/google/android-json/0.0.20131108.vaadin1/android-json-0.0.20131108.vaadin1.jar!/org/json/JSONObject.class
	jar:file:/C:/Users/iaspa/.m2/repository/org/json/json/20231013/json-20231013.jar!/org/json/JSONObject.class

You may wish to exclude one of them to ensure predictable runtime behavior

2025-02-07T05:35:28.694+02:00  INFO 24464 --- [WeatherForecast] [           main] c.a.W.WeatherForecastApplicationTests    : Starting WeatherForecastApplicationTests using Java 21.0.1 with PID 24464 (started by iaspa in C:\Users\iaspa\IdeaProjects\WeatherForecastSpringBootMVC\WeatherForecast)
2025-02-07T05:35:28.695+02:00  INFO 24464 --- [WeatherForecast] [           main] c.a.W.WeatherForecastApplicationTests    : No active profile set, falling back to 1 default profile: "default"
2025-02-07T05:35:30.560+02:00  INFO 24464 --- [WeatherForecast] [           main] c.a.W.WeatherForecastApplicationTests    : Started WeatherForecastApplicationTests in 2.324 seconds (process running for 3.892)
]]></system-out>
    <system-err><![CDATA[Mockito is currently self-attaching to enable the inline-mock-maker. This will no longer work in future releases of the JDK. Please add Mockito as an agent to your build what is described in Mockito's documentation: https://javadoc.io/doc/org.mockito/mockito-core/latest/org/mockito/Mockito.html#0.3
WARNING: A Java agent has been loaded dynamically (C:\Users\iaspa\.m2\repository\net\bytebuddy\byte-buddy-agent\1.15.11\byte-buddy-agent-1.15.11.jar)
WARNING: If a serviceability tool is in use, please run with -XX:+EnableDynamicAgentLoading to hide this warning
WARNING: If a serviceability tool is not in use, please run with -Djdk.instrument.traceUsage for more information
WARNING: Dynamic loading of agents will be disallowed by default in a future release
]]></system-err>
  </testcase>
</testsuite>